<?xml version="1.0" encoding="UTF-8"?>
<coverage generated="1635341764613" clover="3.2.0">
  <project timestamp="1635341764613" name="All files">
    <metrics statements="40" coveredstatements="40" conditionals="15" coveredconditionals="15" methods="8" coveredmethods="8" elements="63" coveredelements="63" complexity="0" loc="40" ncloc="40" packages="1" files="1" classes="1"/>
    <file name="farm.js" path="C:\Users\Public\Winc_academy\Winc Frontend\opdrachten\eindopdracht TDD groentetuin\farm.js">
      <metrics statements="40" coveredstatements="40" conditionals="15" coveredconditionals="15" methods="8" coveredmethods="8"/>
      <line num="1" count="1" type="stmt"/>
      <line num="2" count="1" type="stmt"/>
      <line num="4" count="1" type="stmt"/>
      <line num="5" count="1" type="stmt"/>
      <line num="8" count="1" type="stmt"/>
      <line num="9" count="1" type="stmt"/>
      <line num="12" count="1" type="stmt"/>
      <line num="13" count="3" type="stmt"/>
      <line num="14" count="3" type="cond" truecount="5" falsecount="0"/>
      <line num="15" count="2" type="stmt"/>
      <line num="16" count="3" type="stmt"/>
      <line num="19" count="1" type="stmt"/>
      <line num="20" count="2" type="stmt"/>
      <line num="23" count="3" type="stmt"/>
      <line num="26" count="1" type="stmt"/>
      <line num="28" count="6" type="cond" truecount="5" falsecount="0"/>
      <line num="29" count="4" type="stmt"/>
      <line num="31" count="2" type="stmt"/>
      <line num="36" count="1" type="stmt"/>
      <line num="37" count="6" type="cond" truecount="5" falsecount="0"/>
      <line num="39" count="4" type="stmt"/>
      <line num="40" count="4" type="stmt"/>
      <line num="42" count="2" type="stmt"/>
      <line num="43" count="2" type="stmt"/>
      <line num="63" count="1" type="stmt"/>
      <line num="64" count="5" type="stmt"/>
      <line num="65" count="5" type="stmt"/>
      <line num="66" count="5" type="stmt"/>
      <line num="71" count="1" type="stmt"/>
      <line num="72" count="2" type="stmt"/>
      <line num="73" count="2" type="stmt"/>
      <line num="74" count="4" type="stmt"/>
      <line num="75" count="4" type="stmt"/>
      <line num="77" count="2" type="stmt"/>
      <line num="80" count="1" type="stmt"/>
      <line num="86" count="1" type="stmt"/>
      <line num="92" count="1" type="stmt"/>
      <line num="97" count="1" type="stmt"/>
      <line num="98" count="1" type="stmt"/>
      <line num="101" count="1" type="stmt"/>
    </file>
  </project>
</coverage>
