{"C:\\Users\\Public\\Winc_academy\\Winc Frontend\\opdrachten\\eindopdracht TDD groentetuin\\farm.js": {"path":"C:\\Users\\Public\\Winc_academy\\Winc Frontend\\opdrachten\\eindopdracht TDD groentetuin\\farm.js","statementMap":{"0":{"start":{"line":1,"column":27},"end":{"line":1,"column":48}},"1":{"start":{"line":2,"column":36},"end":{"line":2,"column":70}},"2":{"start":{"line":44,"column":25},"end":{"line":72,"column":1}},"3":{"start":{"line":45,"column":4},"end":{"line":71,"column":5}},"4":{"start":{"line":46,"column":27},"end":{"line":46,"column":58}},"5":{"start":{"line":48,"column":35},"end":{"line":48,"column":38}},"6":{"start":{"line":50,"column":8},"end":{"line":62,"column":9}},"7":{"start":{"line":51,"column":25},"end":{"line":51,"column":40}},"8":{"start":{"line":53,"column":30},"end":{"line":53,"column":56}},"9":{"start":{"line":56,"column":12},"end":{"line":61,"column":13}},"10":{"start":{"line":57,"column":16},"end":{"line":57,"column":74}},"11":{"start":{"line":58,"column":16},"end":{"line":58,"column":49}},"12":{"start":{"line":60,"column":16},"end":{"line":60,"column":41}},"13":{"start":{"line":63,"column":35},"end":{"line":63,"column":61}},"14":{"start":{"line":64,"column":8},"end":{"line":64,"column":41}},"15":{"start":{"line":65,"column":8},"end":{"line":65,"column":32}},"16":{"start":{"line":66,"column":8},"end":{"line":66,"column":55}},"17":{"start":{"line":67,"column":8},"end":{"line":67,"column":49}},"18":{"start":{"line":70,"column":8},"end":{"line":70,"column":26}},"19":{"start":{"line":80,"column":24},"end":{"line":82,"column":1}},"20":{"start":{"line":81,"column":4},"end":{"line":81,"column":56}},"21":{"start":{"line":84,"column":13},"end":{"line":106,"column":1}},"22":{"start":{"line":107,"column":16},"end":{"line":130,"column":1}},"23":{"start":{"line":131,"column":27},"end":{"line":135,"column":1}},"24":{"start":{"line":145,"column":22},"end":{"line":171,"column":1}},"25":{"start":{"line":146,"column":21},"end":{"line":146,"column":22}},"26":{"start":{"line":148,"column":4},"end":{"line":168,"column":5}},"27":{"start":{"line":153,"column":8},"end":{"line":157,"column":10}},"28":{"start":{"line":154,"column":12},"end":{"line":154,"column":46}},"29":{"start":{"line":155,"column":12},"end":{"line":155,"column":47}},"30":{"start":{"line":163,"column":8},"end":{"line":167,"column":10}},"31":{"start":{"line":164,"column":12},"end":{"line":164,"column":46}},"32":{"start":{"line":165,"column":12},"end":{"line":165,"column":47}},"33":{"start":{"line":169,"column":4},"end":{"line":169,"column":27}},"34":{"start":{"line":170,"column":4},"end":{"line":170,"column":21}},"35":{"start":{"line":173,"column":14},"end":{"line":176,"column":1}},"36":{"start":{"line":177,"column":0},"end":{"line":177,"column":38}},"37":{"start":{"line":178,"column":0},"end":{"line":178,"column":33}},"38":{"start":{"line":182,"column":24},"end":{"line":198,"column":1}},"39":{"start":{"line":183,"column":15},"end":{"line":183,"column":16}},"40":{"start":{"line":184,"column":4},"end":{"line":197,"column":5}},"41":{"start":{"line":186,"column":8},"end":{"line":188,"column":9}},"42":{"start":{"line":187,"column":12},"end":{"line":187,"column":78}},"43":{"start":{"line":191,"column":8},"end":{"line":195,"column":9}},"44":{"start":{"line":192,"column":12},"end":{"line":192,"column":43}},"45":{"start":{"line":193,"column":12},"end":{"line":193,"column":63}},"46":{"start":{"line":194,"column":12},"end":{"line":194,"column":60}},"47":{"start":{"line":196,"column":8},"end":{"line":196,"column":19}},"48":{"start":{"line":204,"column":26},"end":{"line":225,"column":1}},"49":{"start":{"line":205,"column":18},"end":{"line":205,"column":19}},"50":{"start":{"line":206,"column":4},"end":{"line":223,"column":5}},"51":{"start":{"line":207,"column":8},"end":{"line":210,"column":9}},"52":{"start":{"line":208,"column":28},"end":{"line":208,"column":65}},"53":{"start":{"line":209,"column":12},"end":{"line":209,"column":70}},"54":{"start":{"line":213,"column":8},"end":{"line":221,"column":9}},"55":{"start":{"line":214,"column":12},"end":{"line":214,"column":71}},"56":{"start":{"line":215,"column":12},"end":{"line":215,"column":63}},"57":{"start":{"line":216,"column":28},"end":{"line":216,"column":53}},"58":{"start":{"line":218,"column":12},"end":{"line":218,"column":34}},"59":{"start":{"line":219,"column":12},"end":{"line":219,"column":58}},"60":{"start":{"line":220,"column":12},"end":{"line":220,"column":32}},"61":{"start":{"line":224,"column":4},"end":{"line":224,"column":18}},"62":{"start":{"line":227,"column":0},"end":{"line":227,"column":37}},"63":{"start":{"line":248,"column":25},"end":{"line":252,"column":1}},"64":{"start":{"line":249,"column":22},"end":{"line":249,"column":46}},"65":{"start":{"line":250,"column":20},"end":{"line":250,"column":42}},"66":{"start":{"line":251,"column":4},"end":{"line":251,"column":34}},"67":{"start":{"line":256,"column":23},"end":{"line":263,"column":1}},"68":{"start":{"line":257,"column":22},"end":{"line":257,"column":23}},"69":{"start":{"line":258,"column":4},"end":{"line":261,"column":6}},"70":{"start":{"line":259,"column":8},"end":{"line":259,"column":25}},"71":{"start":{"line":260,"column":8},"end":{"line":260,"column":45}},"72":{"start":{"line":262,"column":4},"end":{"line":262,"column":22}},"73":{"start":{"line":295,"column":0},"end":{"line":303,"column":1}}},"fnMap":{"0":{"name":"(anonymous_0)","decl":{"start":{"line":44,"column":25},"end":{"line":44,"column":26}},"loc":{"start":{"line":44,"column":36},"end":{"line":72,"column":1}},"line":44},"1":{"name":"(anonymous_1)","decl":{"start":{"line":80,"column":24},"end":{"line":80,"column":25}},"loc":{"start":{"line":80,"column":35},"end":{"line":82,"column":1}},"line":80},"2":{"name":"(anonymous_2)","decl":{"start":{"line":145,"column":22},"end":{"line":145,"column":23}},"loc":{"start":{"line":145,"column":33},"end":{"line":171,"column":1}},"line":145},"3":{"name":"(anonymous_3)","decl":{"start":{"line":153,"column":40},"end":{"line":153,"column":41}},"loc":{"start":{"line":153,"column":48},"end":{"line":157,"column":9}},"line":153},"4":{"name":"(anonymous_4)","decl":{"start":{"line":163,"column":22},"end":{"line":163,"column":23}},"loc":{"start":{"line":163,"column":30},"end":{"line":167,"column":9}},"line":163},"5":{"name":"(anonymous_5)","decl":{"start":{"line":182,"column":24},"end":{"line":182,"column":25}},"loc":{"start":{"line":182,"column":35},"end":{"line":198,"column":1}},"line":182},"6":{"name":"(anonymous_6)","decl":{"start":{"line":204,"column":26},"end":{"line":204,"column":27}},"loc":{"start":{"line":204,"column":37},"end":{"line":225,"column":1}},"line":204},"7":{"name":"(anonymous_7)","decl":{"start":{"line":248,"column":25},"end":{"line":248,"column":26}},"loc":{"start":{"line":248,"column":36},"end":{"line":252,"column":1}},"line":248},"8":{"name":"(anonymous_8)","decl":{"start":{"line":256,"column":23},"end":{"line":256,"column":24}},"loc":{"start":{"line":256,"column":34},"end":{"line":263,"column":1}},"line":256},"9":{"name":"(anonymous_9)","decl":{"start":{"line":258,"column":18},"end":{"line":258,"column":19}},"loc":{"start":{"line":258,"column":26},"end":{"line":261,"column":5}},"line":258}},"branchMap":{"0":{"loc":{"start":{"line":45,"column":4},"end":{"line":71,"column":5}},"type":"if","locations":[{"start":{"line":45,"column":4},"end":{"line":71,"column":5}},{"start":{"line":69,"column":11},"end":{"line":71,"column":5}}],"line":45},"1":{"loc":{"start":{"line":56,"column":12},"end":{"line":61,"column":13}},"type":"if","locations":[{"start":{"line":56,"column":12},"end":{"line":61,"column":13}},{"start":{"line":59,"column":19},"end":{"line":61,"column":13}}],"line":56},"2":{"loc":{"start":{"line":148,"column":4},"end":{"line":168,"column":5}},"type":"if","locations":[{"start":{"line":148,"column":4},"end":{"line":168,"column":5}},{"start":{"line":158,"column":11},"end":{"line":168,"column":5}}],"line":148},"3":{"loc":{"start":{"line":148,"column":8},"end":{"line":148,"column":76}},"type":"binary-expr","locations":[{"start":{"line":148,"column":8},"end":{"line":148,"column":33}},{"start":{"line":148,"column":37},"end":{"line":148,"column":58}},{"start":{"line":148,"column":62},"end":{"line":148,"column":76}}],"line":148},"4":{"loc":{"start":{"line":184,"column":4},"end":{"line":197,"column":5}},"type":"if","locations":[{"start":{"line":184,"column":4},"end":{"line":197,"column":5}},{"start":{"line":189,"column":11},"end":{"line":197,"column":5}}],"line":184},"5":{"loc":{"start":{"line":184,"column":8},"end":{"line":184,"column":76}},"type":"binary-expr","locations":[{"start":{"line":184,"column":8},"end":{"line":184,"column":33}},{"start":{"line":184,"column":37},"end":{"line":184,"column":58}},{"start":{"line":184,"column":62},"end":{"line":184,"column":76}}],"line":184},"6":{"loc":{"start":{"line":206,"column":4},"end":{"line":223,"column":5}},"type":"if","locations":[{"start":{"line":206,"column":4},"end":{"line":223,"column":5}},{"start":{"line":212,"column":11},"end":{"line":223,"column":5}}],"line":206},"7":{"loc":{"start":{"line":206,"column":8},"end":{"line":206,"column":76}},"type":"binary-expr","locations":[{"start":{"line":206,"column":8},"end":{"line":206,"column":33}},{"start":{"line":206,"column":37},"end":{"line":206,"column":58}},{"start":{"line":206,"column":62},"end":{"line":206,"column":76}}],"line":206}},"s":{"0":1,"1":1,"2":1,"3":41,"4":23,"5":23,"6":23,"7":69,"8":69,"9":69,"10":57,"11":57,"12":12,"13":23,"14":23,"15":23,"16":23,"17":23,"18":18,"19":1,"20":39,"21":1,"22":1,"23":1,"24":1,"25":7,"26":7,"27":4,"28":6,"29":6,"30":3,"31":6,"32":6,"33":7,"34":7,"35":1,"36":1,"37":1,"38":1,"39":5,"40":5,"41":2,"42":0,"43":3,"44":4,"45":4,"46":4,"47":3,"48":1,"49":6,"50":6,"51":2,"52":0,"53":0,"54":4,"55":6,"56":6,"57":6,"58":6,"59":6,"60":6,"61":6,"62":1,"63":1,"64":3,"65":3,"66":3,"67":1,"68":1,"69":1,"70":2,"71":2,"72":1,"73":1},"f":{"0":41,"1":39,"2":7,"3":6,"4":6,"5":5,"6":6,"7":3,"8":1,"9":2},"b":{"0":[23,18],"1":[57,12],"2":[4,3],"3":[7,7,4],"4":[2,3],"5":[5,5,2],"6":[2,4],"7":[6,6,2]},"_coverageSchema":"1a1c01bbd47fc00a2c39e90264f33305004495a9","hash":"e1b6fb5e734d227371312eb6f2cf927260a102e7"}
}
