TN:
SF:farm.js
FN:4,(anonymous_0)
FN:8,(anonymous_1)
FN:12,(anonymous_2)
FN:26,(anonymous_3)
FN:36,(anonymous_4)
FN:63,(anonymous_5)
FN:71,(anonymous_6)
FN:73,(anonymous_7)
FNF:8
FNH:8
FNDA:1,(anonymous_0)
FNDA:1,(anonymous_1)
FNDA:3,(anonymous_2)
FNDA:6,(anonymous_3)
FNDA:6,(anonymous_4)
FNDA:5,(anonymous_5)
FNDA:2,(anonymous_6)
FNDA:4,(anonymous_7)
DA:1,1
DA:2,1
DA:4,1
DA:5,1
DA:8,1
DA:9,1
DA:12,1
DA:13,3
DA:14,3
DA:15,2
DA:16,3
DA:19,1
DA:20,2
DA:23,3
DA:26,1
DA:28,6
DA:29,4
DA:31,2
DA:36,1
DA:37,6
DA:39,4
DA:40,4
DA:42,2
DA:43,2
DA:63,1
DA:64,5
DA:65,5
DA:66,5
DA:71,1
DA:72,2
DA:73,2
DA:74,4
DA:75,4
DA:77,2
DA:80,1
DA:86,1
DA:92,1
DA:97,1
DA:98,1
DA:101,1
LF:40
LH:40
BRDA:14,0,0,2
BRDA:14,0,1,1
BRDA:14,1,0,3
BRDA:14,1,1,3
BRDA:14,1,2,2
BRDA:28,2,0,4
BRDA:28,2,1,2
BRDA:28,3,0,6
BRDA:28,3,1,6
BRDA:28,3,2,4
BRDA:37,4,0,4
BRDA:37,4,1,2
BRDA:37,5,0,6
BRDA:37,5,1,6
BRDA:37,5,2,4
BRF:15
BRH:15
end_of_record
