TN:
SF:farm.js
FN:5,(anonymous_0)
FN:87,(anonymous_1)
FN:92,(anonymous_2)
FN:96,(anonymous_3)
FN:101,(anonymous_4)
FN:117,(anonymous_5)
FN:142,(anonymous_6)
FN:173,(anonymous_7)
FN:200,(anonymous_8)
FN:205,(anonymous_9)
FN:222,(anonymous_10)
FNF:11
FNH:11
FNDA:64,(anonymous_0)
FNDA:62,(anonymous_1)
FNDA:6,(anonymous_2)
FNDA:6,(anonymous_3)
FNDA:4,(anonymous_4)
FNDA:25,(anonymous_5)
FNDA:25,(anonymous_6)
FNDA:20,(anonymous_7)
FNDA:3,(anonymous_8)
FNDA:2,(anonymous_9)
FNDA:4,(anonymous_10)
DA:1,1
DA:2,1
DA:3,1
DA:5,1
DA:6,64
DA:7,42
DA:8,42
DA:9,42
DA:10,126
DA:11,126
DA:12,126
DA:13,104
DA:15,22
DA:18,42
DA:19,42
DA:21,22
DA:25,1
DA:48,1
DA:72,1
DA:77,1
DA:78,1
DA:81,1
DA:87,1
DA:88,62
DA:92,1
DA:93,6
DA:94,6
DA:95,4
DA:96,4
DA:98,6
DA:101,2
DA:103,4
DA:107,6
DA:117,1
DA:118,25
DA:119,25
DA:120,1
DA:121,1
DA:122,2
DA:123,2
DA:124,2
DA:126,1
DA:128,24
DA:129,23
DA:130,23
DA:131,23
DA:132,23
DA:134,24
DA:142,1
DA:143,25
DA:144,25
DA:145,1
DA:146,1
DA:147,2
DA:148,2
DA:149,2
DA:150,2
DA:151,2
DA:153,1
DA:155,24
DA:156,23
DA:157,23
DA:158,23
DA:159,23
DA:160,23
DA:161,23
DA:162,23
DA:163,23
DA:165,24
DA:173,1
DA:174,20
DA:175,2
DA:176,2
DA:177,2
DA:178,2
DA:179,2
DA:180,2
DA:181,2
DA:182,2
DA:184,18
DA:185,18
DA:186,18
DA:187,18
DA:188,18
DA:190,18
DA:200,1
DA:201,3
DA:202,3
DA:203,1
DA:204,1
DA:205,1
DA:206,2
DA:207,2
DA:208,2
DA:209,2
DA:210,2
DA:211,2
DA:212,2
DA:213,2
DA:214,2
DA:216,1
DA:219,2
DA:220,2
DA:222,2
DA:226,4
DA:227,4
DA:228,4
DA:229,4
DA:230,4
DA:231,4
DA:233,2
DA:243,1
LF:112
LH:112
BRDA:6,0,0,42
BRDA:6,0,1,22
BRDA:12,1,0,104
BRDA:12,1,1,22
BRDA:94,2,0,4
BRDA:94,2,1,2
BRDA:94,3,0,6
BRDA:94,3,1,6
BRDA:94,3,2,4
BRDA:119,4,0,1
BRDA:119,4,1,24
BRDA:119,5,0,25
BRDA:119,5,1,25
BRDA:119,5,2,1
BRDA:144,6,0,1
BRDA:144,6,1,24
BRDA:144,7,0,25
BRDA:144,7,1,25
BRDA:144,7,2,1
BRDA:174,8,0,2
BRDA:174,8,1,18
BRDA:174,9,0,20
BRDA:174,9,1,20
BRDA:174,9,2,2
BRDA:202,10,0,1
BRDA:202,10,1,2
BRDA:202,11,0,3
BRDA:202,11,1,3
BRDA:202,11,2,1
BRF:29
BRH:29
end_of_record
